2025-07-31 13:57:34 +07:00: 
2025-07-31 13:57:34 +07:00: Shutting down server...
2025-07-31 13:57:34 +07:00: Warning: connect.session() MemoryStore is not
2025-07-31 13:57:34 +07:00: designed for a production environment, as it will leak
2025-07-31 13:57:34 +07:00: memory, and will not scale past a single process.
2025-07-31 13:57:34 +07:00: Connected to SQLite database
2025-07-31 13:57:34 +07:00: Promotional codes table created successfully
2025-07-31 13:57:34 +07:00: Admin users table created successfully
2025-07-31 13:57:34 +07:00: Admin user already exists
2025-07-31 13:57:34 +07:00: Database initialized successfully
2025-07-31 13:57:34 +07:00: 🚀 QR Promotion System server is running on http://localhost:3008
2025-07-31 13:57:34 +07:00: 📱 Access the application at http://localhost:3008
2025-07-31 13:59:14 +07:00: 
2025-07-31 13:59:14 +07:00: Shutting down server...
2025-07-31 13:59:14 +07:00: Warning: connect.session() MemoryStore is not
2025-07-31 13:59:14 +07:00: designed for a production environment, as it will leak
2025-07-31 13:59:14 +07:00: memory, and will not scale past a single process.
2025-07-31 13:59:14 +07:00: Connected to SQLite database
2025-07-31 13:59:14 +07:00: Promotional codes table created successfully
2025-07-31 13:59:14 +07:00: Admin users table created successfully
2025-07-31 13:59:14 +07:00: Admin user already exists
2025-07-31 13:59:14 +07:00: Database initialized successfully
2025-07-31 13:59:14 +07:00: 🚀 QR Promotion System server is running on http://localhost:3008
2025-07-31 13:59:14 +07:00: 📱 Access the application at http://localhost:3008
